;;; 
Export: Release 11.2.0.4.0 - Production on Tue Aug 30 19:49:46 2022

Copyright (c) 1982, 2011, Oracle and/or its affiliates.  All rights reserved.
;;; 
Connected to: Oracle Database 11g Enterprise Edition Release 11.2.0.4.0 - 64bit Production
With the Partitioning, Real Application Clusters, Automatic Storage Management, OLAP,
Data Mining and Real Application Testing options
Starting "SYS"."SYS_EXPORT_TABLE_01":  "/******** AS SYSDBA" parfile=ICTB_ENTRIES_HISTORY_ARCHIVE_metadata.par 
Processing object type TABLE_EXPORT/TABLE/TABLE
Processing object type TABLE_EXPORT/TABLE/GRANT/OWNER_GRANT/OBJECT_GRANT
Processing object type TABLE_EXPORT/TABLE/COMMENT
Processing object type TABLE_EXPORT/TABLE/INDEX/INDEX
Processing object type TABLE_EXPORT/TABLE/CONSTRAINT/CONSTRAINT
Processing object type TABLE_EXPORT/TABLE/INDEX/STATISTICS/INDEX_STATISTICS
Processing object type TABLE_EXPORT/TABLE/TRIGGER
Processing object type TABLE_EXPORT/TABLE/STATISTICS/TABLE_STATISTICS
Processing object type TABLE_EXPORT/TABLE/STATISTICS/USER_PREF_STATISTICS
Master table "SYS"."SYS_EXPORT_TABLE_01" successfully loaded/unloaded
******************************************************************************
Dump file set for SYS.SYS_EXPORT_TABLE_01 is:
  /fcubs/backup/dumps/backup_metadata/ICTB_ENTRIES_HISTORY_ARCHIVE_30082022_01.dmp
Job "SYS"."SYS_EXPORT_TABLE_01" successfully completed at Tue Aug 30 19:50:16 2022 elapsed 0 00:00:29
